<?xml version="1.0" encoding="UTF-8"?>
<!-- Generated by org.testng.reporters.JUnitReportReporter -->
<testsuite hostname="Z61" failures="0" tests="2" name="testRunner.LoginTestRunner" time="49.740" errors="0" timestamp="02 Mar 2023 09:29:32 GMT" skipped="0">
  <testcase classname="testRunner.LoginTestRunner" name="runScenario" time="34.174"/>
  <testcase classname="testRunner.LoginTestRunner" name="runScenario" time="15.566"/>
</testsuite> <!-- testRunner.LoginTestRunner -->
