<?xml version="1.0" encoding="UTF-8"?>
<!-- Generated by org.testng.reporters.JUnitReportReporter -->
<testsuite hostname="Z61" failures="0" tests="5" name="testRunner.Runner" time="109.049" errors="0" timestamp="02 Mar 2023 06:13:24 GMT" skipped="0">
  <testcase classname="testRunner.Runner" name="runScenario" time="17.923"/>
  <testcase classname="testRunner.Runner" name="runScenario" time="15.335"/>
  <testcase classname="testRunner.Runner" name="runScenario" time="19.017"/>
  <testcase classname="testRunner.Runner" name="runScenario" time="16.172"/>
  <testcase classname="testRunner.Runner" name="runScenario" time="40.602"/>
</testsuite> <!-- testRunner.Runner -->
